
    ====================ART====================
             ART_Illumina (2008-2016)          
          Q Version 2.5.1 (Apr 17, 2016)       
     Contact: Weichun Huang <whduke@gmail.com> 
    -------------------------------------------

Warning: your simulation will not output any ALN or SAM file with your parameter settings!
                  Paired-end sequencing simulation

Total CPU time used: 0.03

The random seed for the run: 1461532630

Parameters used during run
	Read Length:	100
	Genome masking 'N' cutoff frequency: 	1 in 100
	Fold Coverage:            20X
	Mean Fragment Length:     300
	Standard Deviation:       10
	First quality shift:      0
	Second quality shift:     0
	Profile Type:             Combined
	ID Tag:                   

Quality Profile(s)
	First Read:   HiSeq 2000 Length 100 R1 (built-in profile) 
	First Read:   HiSeq 2000 Length 100 R2 (built-in profile) 

Output files

  FASTQ Sequence Files:
	 the 1st reads: AB-AIB-read1.fq
	 the 2nd reads: AB-AIB-read2.fq

