[0.000000] Reading roadmap file tmp.AB-AIB.velvet/Roadmaps
[0.006930] 1000 roadmaps read
[0.007485] Creating insertion markers
[0.007925] Ordering insertion markers
[0.039359] Counting preNodes
[0.039651] 2217 preNodes counted, creating them now
[0.047848] Adjusting marker info...
[0.059121] Connecting preNodes
[0.072264] Cleaning up memory
[0.072281] Done creating preGraph
[0.072287] Concatenation...
[0.073632] Renumbering preNodes
[0.073637] Initial preNode count 2217
[0.073793] Destroyed 1034 preNodes
[0.073795] Concatenation over!
[0.073795] Clipping short tips off preGraph
[0.073884] Concatenation...
[0.074111] Renumbering preNodes
[0.074112] Initial preNode count 1183
[0.074228] Destroyed 181 preNodes
[0.074229] Concatenation over!
[0.074229] 98 tips cut off
[0.074230] 1002 nodes left
[0.075244] Writing into pregraph file tmp.AB-AIB.velvet/PreGraph...
[0.080765] Reading read set file tmp.AB-AIB.velvet/Sequences;
[0.081014] 1000 sequences found
[0.082448] Done
[0.083292] Reading pre-graph file tmp.AB-AIB.velvet/PreGraph
[0.083341] Graph has 1002 nodes and 1000 sequences
[0.085454] Scanning pre-graph file tmp.AB-AIB.velvet/PreGraph for k-mers
[0.086659] 12101 kmers found
[0.089275] Sorting kmer occurence table ... 
[0.092574] Sorting done.
[0.092577] Computing acceleration table... 
[0.122635] Computing offsets... 
[0.159868] Ghost Threading through reads 0 / 1000
[0.170459]  === Ghost-Threaded in 0.047518 s
[0.179835] Threading through reads 0 / 1000
[0.188303]  === Threaded in 0.017838 s
[0.189160] Correcting graph with cutoff 0.200000
[0.189367] Determining eligible starting points
[0.190269] Done listing starting nodes
[0.190270] Initializing todo lists
[0.190423] Done with initilization
[0.190424] Activating arc lookup table
[0.190688] Done activating arc lookup table
[0.202388] Concatenation...
[0.202400] Renumbering nodes
[0.202401] Initial node count 1002
[0.202406] Removed 928 null nodes
[0.202412] Concatenation over!
[0.202412] Clipping short tips off graph, drastic
[0.202416] Concatenation...
[0.202426] Renumbering nodes
[0.202427] Initial node count 74
[0.202428] Removed 2 null nodes
[0.202429] Concatenation over!
[0.202429] 72 nodes left
[0.203353] Writing into graph file tmp.AB-AIB.velvet/Graph...
[0.205426] WARNING: NO COVERAGE CUTOFF PROVIDED
[0.205429] Velvet will probably leave behind many detectable errors
[0.205430] See manual for instructions on how to set the coverage cutoff parameter
[0.205435] Removing contigs with coverage < -1.000000...
[0.205444] Concatenation...
[0.205449] Renumbering nodes
[0.205450] Initial node count 72
[0.205452] Removed 0 null nodes
[0.205453] Concatenation over!
[0.205457] Concatenation...
[0.205460] Renumbering nodes
[0.205461] Initial node count 72
[0.205462] Removed 0 null nodes
[0.205463] Concatenation over!
[0.205467] Clipping short tips off graph, drastic
[0.205470] Concatenation...
[0.205473] Renumbering nodes
[0.205473] Initial node count 72
[0.205475] Removed 0 null nodes
[0.205475] Concatenation over!
[0.205476] 72 nodes left
[0.205477] WARNING: NO EXPECTED COVERAGE PROVIDED
[0.205478] Velvet will be unable to resolve any repeats
[0.205479] See manual for instructions on how to set the expected coverage parameter
[0.205480] Concatenation...
[0.205483] Renumbering nodes
[0.205483] Initial node count 72
[0.205485] Removed 0 null nodes
[0.205486] Concatenation over!
[0.205487] Removing reference contigs with coverage < -1.000000...
[0.205493] Concatenation...
[0.205496] Renumbering nodes
[0.205497] Initial node count 72
[0.205498] Removed 0 null nodes
[0.205499] Concatenation over!
[0.206282] Writing contigs into tmp.AB-AIB.velvet/contigs.fa...
[0.208286] Writing into stats file tmp.AB-AIB.velvet/stats.txt...
[0.210665] Writing into graph file tmp.AB-AIB.velvet/LastGraph...
Final graph has 72 nodes and n50 of 277, max 1004, total 3590, using 0/1000 reads
